2018-07-10 16:36:31.666 DEBUG 16838 --- [main] o.s.w.c.s.StandardServletEnvironment     : Adding PropertySource 'servletConfigInitParams' with lowest search precedence
2018-07-10 16:36:31.668 DEBUG 16838 --- [main] o.s.w.c.s.StandardServletEnvironment     : Adding PropertySource 'servletContextInitParams' with lowest search precedence
2018-07-10 16:36:31.680 DEBUG 16838 --- [main] o.s.w.c.s.StandardServletEnvironment     : Adding PropertySource 'systemProperties' with lowest search precedence
2018-07-10 16:36:31.681 DEBUG 16838 --- [main] o.s.w.c.s.StandardServletEnvironment     : Adding PropertySource 'systemEnvironment' with lowest search precedence
2018-07-10 16:36:31.681 DEBUG 16838 --- [main] o.s.w.c.s.StandardServletEnvironment     : Initialized StandardServletEnvironment with PropertySources [StubPropertySource {name='servletConfigInitParams'}, StubPropertySource {name='servletContextInitParams'}, MapPropertySource {name='systemProperties'}, SystemEnvironmentPropertySource {name='systemEnvironment'}]
2018-07-10 16:36:31.705  INFO 16838 --- [main] c.e.l.LogbackloggingApplicationTests     : Starting LogbackloggingApplicationTests on FNUs-MBP with PID 16838 (started by BhupendraKumar in /Users/BhupendraKumar/Downloads/logbacklogging)
2018-07-10 16:36:31.706  INFO 16838 --- [main] c.e.l.LogbackloggingApplicationTests     : No active profile set, falling back to default profiles: default
2018-07-10 16:36:31.758  INFO 16838 --- [main] o.s.w.c.s.GenericWebApplicationContext   : Refreshing org.springframework.web.context.support.GenericWebApplicationContext@353352b6: startup date [Tue Jul 10 16:36:31 EDT 2018]; root of context hierarchy
2018-07-10 16:36:31.761 DEBUG 16838 --- [main] o.s.w.c.s.GenericWebApplicationContext   : Bean factory for org.springframework.web.context.support.GenericWebApplicationContext@353352b6: org.springframework.beans.factory.support.DefaultListableBeanFactory@4bff7da0: defining beans [org.springframework.boot.test.mock.mockito.MockitoPostProcessor$SpyPostProcessor,org.springframework.boot.test.mock.mockito.MockitoPostProcessor,org.springframework.context.annotation.internalConfigurationAnnotationProcessor,org.springframework.context.annotation.internalAutowiredAnnotationProcessor,org.springframework.context.annotation.internalRequiredAnnotationProcessor,org.springframework.context.annotation.internalCommonAnnotationProcessor,org.springframework.context.event.internalEventListenerProcessor,org.springframework.context.event.internalEventListenerFactory,logbackloggingApplication]; root of factory hierarchy
2018-07-10 16:36:33.151 DEBUG 16838 --- [main] o.s.w.c.s.GenericWebApplicationContext   : Unable to locate MessageSource with name 'messageSource': using default [org.springframework.context.support.DelegatingMessageSource@593e824f]
2018-07-10 16:36:33.152 DEBUG 16838 --- [main] o.s.w.c.s.GenericWebApplicationContext   : Unable to locate ApplicationEventMulticaster with name 'applicationEventMulticaster': using default [org.springframework.context.event.SimpleApplicationEventMulticaster@72ccd81a]
2018-07-10 16:36:33.701  INFO 16838 --- [main] o.s.w.s.handler.SimpleUrlHandlerMapping  : Mapped URL path [/**/favicon.ico] onto handler of type [class org.springframework.web.servlet.resource.ResourceHttpRequestHandler]
2018-07-10 16:36:33.998  INFO 16838 --- [main] s.w.s.m.m.a.RequestMappingHandlerAdapter : Looking for @ControllerAdvice: org.springframework.web.context.support.GenericWebApplicationContext@353352b6: startup date [Tue Jul 10 16:36:31 EDT 2018]; root of context hierarchy
2018-07-10 16:36:34.072 DEBUG 16838 --- [main] s.w.s.m.m.a.RequestMappingHandlerMapping : Looking for request mappings in application context: org.springframework.web.context.support.GenericWebApplicationContext@353352b6: startup date [Tue Jul 10 16:36:31 EDT 2018]; root of context hierarchy
2018-07-10 16:36:34.085 DEBUG 16838 --- [main] s.w.s.m.m.a.RequestMappingHandlerMapping : 4 request handler methods found on class com.example.logbacklogging.controller.RestEnpoints: {public com.example.logbacklogging.controller.Course com.example.logbacklogging.controller.RestEnpoints.getDefaultCourse(java.lang.String,int)={[/defaultCourse]}, public java.util.HashMap com.example.logbacklogging.controller.RestEnpoints.getConfigAnnotateProperties()={[/gethierarchical]}, public com.example.logbacklogging.controller.Course com.example.logbacklogging.controller.RestEnpoints.getEndpoint(java.lang.String,int)={[/course]}, public java.lang.String com.example.logbacklogging.controller.RestEnpoints.saveCourse(com.example.logbacklogging.controller.Course)={[/register/course],methods=[POST]}}
2018-07-10 16:36:34.087  INFO 16838 --- [main] s.w.s.m.m.a.RequestMappingHandlerMapping : Mapped "{[/defaultCourse]}" onto public com.example.logbacklogging.controller.Course com.example.logbacklogging.controller.RestEnpoints.getDefaultCourse(java.lang.String,int)
2018-07-10 16:36:34.088  INFO 16838 --- [main] s.w.s.m.m.a.RequestMappingHandlerMapping : Mapped "{[/gethierarchical]}" onto public java.util.HashMap<java.lang.String, java.lang.Object> com.example.logbacklogging.controller.RestEnpoints.getConfigAnnotateProperties()
2018-07-10 16:36:34.089  INFO 16838 --- [main] s.w.s.m.m.a.RequestMappingHandlerMapping : Mapped "{[/course]}" onto public com.example.logbacklogging.controller.Course com.example.logbacklogging.controller.RestEnpoints.getEndpoint(java.lang.String,int)
2018-07-10 16:36:34.091  INFO 16838 --- [main] s.w.s.m.m.a.RequestMappingHandlerMapping : Mapped "{[/register/course],methods=[POST]}" onto public java.lang.String com.example.logbacklogging.controller.RestEnpoints.saveCourse(com.example.logbacklogging.controller.Course)
2018-07-10 16:36:34.096 DEBUG 16838 --- [main] s.w.s.m.m.a.RequestMappingHandlerMapping : 2 request handler methods found on class org.springframework.boot.autoconfigure.web.servlet.error.BasicErrorController: {public org.springframework.http.ResponseEntity org.springframework.boot.autoconfigure.web.servlet.error.BasicErrorController.error(javax.servlet.http.HttpServletRequest)={[/error]}, public org.springframework.web.servlet.ModelAndView org.springframework.boot.autoconfigure.web.servlet.error.BasicErrorController.errorHtml(javax.servlet.http.HttpServletRequest,javax.servlet.http.HttpServletResponse)={[/error],produces=[text/html]}}
2018-07-10 16:36:34.097  INFO 16838 --- [main] s.w.s.m.m.a.RequestMappingHandlerMapping : Mapped "{[/error]}" onto public org.springframework.http.ResponseEntity<java.util.Map<java.lang.String, java.lang.Object>> org.springframework.boot.autoconfigure.web.servlet.error.BasicErrorController.error(javax.servlet.http.HttpServletRequest)
2018-07-10 16:36:34.098  INFO 16838 --- [main] s.w.s.m.m.a.RequestMappingHandlerMapping : Mapped "{[/error],produces=[text/html]}" onto public org.springframework.web.servlet.ModelAndView org.springframework.boot.autoconfigure.web.servlet.error.BasicErrorController.errorHtml(javax.servlet.http.HttpServletRequest,javax.servlet.http.HttpServletResponse)
2018-07-10 16:36:34.129 DEBUG 16838 --- [main] o.s.w.s.h.BeanNameUrlHandlerMapping      : Looking for URL mappings in application context: org.springframework.web.context.support.GenericWebApplicationContext@353352b6: startup date [Tue Jul 10 16:36:31 EDT 2018]; root of context hierarchy
2018-07-10 16:36:34.129 DEBUG 16838 --- [main] o.s.w.s.h.BeanNameUrlHandlerMapping      : Rejected bean name 'org.springframework.boot.test.mock.mockito.MockitoPostProcessor$SpyPostProcessor': no URL paths identified
2018-07-10 16:36:34.129 DEBUG 16838 --- [main] o.s.w.s.h.BeanNameUrlHandlerMapping      : Rejected bean name 'org.springframework.boot.test.mock.mockito.MockitoPostProcessor': no URL paths identified
2018-07-10 16:36:34.129 DEBUG 16838 --- [main] o.s.w.s.h.BeanNameUrlHandlerMapping      : Rejected bean name 'org.springframework.context.annotation.internalConfigurationAnnotationProcessor': no URL paths identified
2018-07-10 16:36:34.130 DEBUG 16838 --- [main] o.s.w.s.h.BeanNameUrlHandlerMapping      : Rejected bean name 'org.springframework.context.annotation.internalAutowiredAnnotationProcessor': no URL paths identified
2018-07-10 16:36:34.130 DEBUG 16838 --- [main] o.s.w.s.h.BeanNameUrlHandlerMapping      : Rejected bean name 'org.springframework.context.annotation.internalRequiredAnnotationProcessor': no URL paths identified
2018-07-10 16:36:34.130 DEBUG 16838 --- [main] o.s.w.s.h.BeanNameUrlHandlerMapping      : Rejected bean name 'org.springframework.context.annotation.internalCommonAnnotationProcessor': no URL paths identified
2018-07-10 16:36:34.130 DEBUG 16838 --- [main] o.s.w.s.h.BeanNameUrlHandlerMapping      : Rejected bean name 'org.springframework.context.event.internalEventListenerProcessor': no URL paths identified
2018-07-10 16:36:34.130 DEBUG 16838 --- [main] o.s.w.s.h.BeanNameUrlHandlerMapping      : Rejected bean name 'org.springframework.context.event.internalEventListenerFactory': no URL paths identified
2018-07-10 16:36:34.130 DEBUG 16838 --- [main] o.s.w.s.h.BeanNameUrlHandlerMapping      : Rejected bean name 'logbackloggingApplication': no URL paths identified
2018-07-10 16:36:34.131 DEBUG 16838 --- [main] o.s.w.s.h.BeanNameUrlHandlerMapping      : Rejected bean name 'org.springframework.boot.autoconfigure.internalCachingMetadataReaderFactory': no URL paths identified
2018-07-10 16:36:34.131 DEBUG 16838 --- [main] o.s.w.s.h.BeanNameUrlHandlerMapping      : Rejected bean name 'courseConfiguration': no URL paths identified
2018-07-10 16:36:34.131 DEBUG 16838 --- [main] o.s.w.s.h.BeanNameUrlHandlerMapping      : Rejected bean name 'restEnpoints': no URL paths identified
2018-07-10 16:36:34.131 DEBUG 16838 --- [main] o.s.w.s.h.BeanNameUrlHandlerMapping      : Rejected bean name 'org.springframework.boot.autoconfigure.AutoConfigurationPackages': no URL paths identified
2018-07-10 16:36:34.132 DEBUG 16838 --- [main] o.s.w.s.h.BeanNameUrlHandlerMapping      : Rejected bean name 'org.springframework.boot.autoconfigure.context.PropertyPlaceholderAutoConfiguration': no URL paths identified
2018-07-10 16:36:34.132 DEBUG 16838 --- [main] o.s.w.s.h.BeanNameUrlHandlerMapping      : Rejected bean name 'org.springframework.boot.autoconfigure.condition.BeanTypeRegistry': no URL paths identified
2018-07-10 16:36:34.133 DEBUG 16838 --- [main] o.s.w.s.h.BeanNameUrlHandlerMapping      : Rejected bean name 'propertySourcesPlaceholderConfigurer': no URL paths identified
2018-07-10 16:36:34.133 DEBUG 16838 --- [main] o.s.w.s.h.BeanNameUrlHandlerMapping      : Rejected bean name 'org.springframework.boot.autoconfigure.websocket.servlet.WebSocketServletAutoConfiguration$TomcatWebSocketConfiguration': no URL paths identified
2018-07-10 16:36:34.133 DEBUG 16838 --- [main] o.s.w.s.h.BeanNameUrlHandlerMapping      : Rejected bean name 'websocketContainerCustomizer': no URL paths identified
2018-07-10 16:36:34.133 DEBUG 16838 --- [main] o.s.w.s.h.BeanNameUrlHandlerMapping      : Rejected bean name 'org.springframework.boot.autoconfigure.websocket.servlet.WebSocketServletAutoConfiguration': no URL paths identified
2018-07-10 16:36:34.134 DEBUG 16838 --- [main] o.s.w.s.h.BeanNameUrlHandlerMapping      : Rejected bean name 'org.springframework.boot.autoconfigure.web.servlet.ServletWebServerFactoryConfiguration$EmbeddedTomcat': no URL paths identified
2018-07-10 16:36:34.134 DEBUG 16838 --- [main] o.s.w.s.h.BeanNameUrlHandlerMapping      : Rejected bean name 'tomcatServletWebServerFactory': no URL paths identified
2018-07-10 16:36:34.135 DEBUG 16838 --- [main] o.s.w.s.h.BeanNameUrlHandlerMapping      : Rejected bean name 'org.springframework.boot.autoconfigure.web.servlet.ServletWebServerFactoryAutoConfiguration': no URL paths identified
2018-07-10 16:36:34.135 DEBUG 16838 --- [main] o.s.w.s.h.BeanNameUrlHandlerMapping      : Rejected bean name 'servletWebServerFactoryCustomizer': no URL paths identified
2018-07-10 16:36:34.135 DEBUG 16838 --- [main] o.s.w.s.h.BeanNameUrlHandlerMapping      : Rejected bean name 'tomcatServletWebServerFactoryCustomizer': no URL paths identified
2018-07-10 16:36:34.136 DEBUG 16838 --- [main] o.s.w.s.h.BeanNameUrlHandlerMapping      : Rejected bean name 'server-org.springframework.boot.autoconfigure.web.ServerProperties': no URL paths identified
2018-07-10 16:36:34.136 DEBUG 16838 --- [main] o.s.w.s.h.BeanNameUrlHandlerMapping      : Rejected bean name 'org.springframework.boot.context.properties.ConfigurationPropertiesBindingPostProcessor': no URL paths identified
2018-07-10 16:36:34.136 DEBUG 16838 --- [main] o.s.w.s.h.BeanNameUrlHandlerMapping      : Rejected bean name 'org.springframework.boot.context.properties.ConfigurationBeanFactoryMetadata': no URL paths identified
2018-07-10 16:36:34.136 DEBUG 16838 --- [main] o.s.w.s.h.BeanNameUrlHandlerMapping      : Rejected bean name 'webServerFactoryCustomizerBeanPostProcessor': no URL paths identified
2018-07-10 16:36:34.136 DEBUG 16838 --- [main] o.s.w.s.h.BeanNameUrlHandlerMapping      : Rejected bean name 'errorPageRegistrarBeanPostProcessor': no URL paths identified
2018-07-10 16:36:34.137 DEBUG 16838 --- [main] o.s.w.s.h.BeanNameUrlHandlerMapping      : Rejected bean name 'org.springframework.boot.autoconfigure.web.servlet.DispatcherServletAutoConfiguration$DispatcherServletConfiguration': no URL paths identified
2018-07-10 16:36:34.137 DEBUG 16838 --- [main] o.s.w.s.h.BeanNameUrlHandlerMapping      : Rejected bean name 'dispatcherServlet': no URL paths identified
2018-07-10 16:36:34.137 DEBUG 16838 --- [main] o.s.w.s.h.BeanNameUrlHandlerMapping      : Rejected bean name 'mainDispatcherServletPathProvider': no URL paths identified
2018-07-10 16:36:34.140 DEBUG 16838 --- [main] o.s.w.s.h.BeanNameUrlHandlerMapping      : Rejected bean name 'spring.mvc-org.springframework.boot.autoconfigure.web.servlet.WebMvcProperties': no URL paths identified
2018-07-10 16:36:34.140 DEBUG 16838 --- [main] o.s.w.s.h.BeanNameUrlHandlerMapping      : Rejected bean name 'org.springframework.boot.autoconfigure.web.servlet.DispatcherServletAutoConfiguration$DispatcherServletRegistrationConfiguration': no URL paths identified
2018-07-10 16:36:34.140 DEBUG 16838 --- [main] o.s.w.s.h.BeanNameUrlHandlerMapping      : Rejected bean name 'dispatcherServletRegistration': no URL paths identified
2018-07-10 16:36:34.140 DEBUG 16838 --- [main] o.s.w.s.h.BeanNameUrlHandlerMapping      : Rejected bean name 'org.springframework.boot.autoconfigure.web.servlet.DispatcherServletAutoConfiguration': no URL paths identified
2018-07-10 16:36:34.141 DEBUG 16838 --- [main] o.s.w.s.h.BeanNameUrlHandlerMapping      : Rejected bean name 'org.springframework.boot.autoconfigure.validation.ValidationAutoConfiguration': no URL paths identified
2018-07-10 16:36:34.141 DEBUG 16838 --- [main] o.s.w.s.h.BeanNameUrlHandlerMapping      : Rejected bean name 'defaultValidator': no URL paths identified
2018-07-10 16:36:34.141 DEBUG 16838 --- [main] o.s.w.s.h.BeanNameUrlHandlerMapping      : Rejected bean name 'methodValidationPostProcessor': no URL paths identified
2018-07-10 16:36:34.141 DEBUG 16838 --- [main] o.s.w.s.h.BeanNameUrlHandlerMapping      : Rejected bean name 'org.springframework.boot.autoconfigure.web.servlet.error.ErrorMvcAutoConfiguration$WhitelabelErrorViewConfiguration': no URL paths identified
2018-07-10 16:36:34.141 DEBUG 16838 --- [main] o.s.w.s.h.BeanNameUrlHandlerMapping      : Rejected bean name 'error': no URL paths identified
2018-07-10 16:36:34.141 DEBUG 16838 --- [main] o.s.w.s.h.BeanNameUrlHandlerMapping      : Rejected bean name 'beanNameViewResolver': no URL paths identified
2018-07-10 16:36:34.141 DEBUG 16838 --- [main] o.s.w.s.h.BeanNameUrlHandlerMapping      : Rejected bean name 'org.springframework.boot.autoconfigure.web.servlet.error.ErrorMvcAutoConfiguration$DefaultErrorViewResolverConfiguration': no URL paths identified
2018-07-10 16:36:34.141 DEBUG 16838 --- [main] o.s.w.s.h.BeanNameUrlHandlerMapping      : Rejected bean name 'conventionErrorViewResolver': no URL paths identified
2018-07-10 16:36:34.141 DEBUG 16838 --- [main] o.s.w.s.h.BeanNameUrlHandlerMapping      : Rejected bean name 'org.springframework.boot.autoconfigure.web.servlet.error.ErrorMvcAutoConfiguration': no URL paths identified
2018-07-10 16:36:34.142 DEBUG 16838 --- [main] o.s.w.s.h.BeanNameUrlHandlerMapping      : Rejected bean name 'errorAttributes': no URL paths identified
2018-07-10 16:36:34.142 DEBUG 16838 --- [main] o.s.w.s.h.BeanNameUrlHandlerMapping      : Rejected bean name 'basicErrorController': no URL paths identified
2018-07-10 16:36:34.142 DEBUG 16838 --- [main] o.s.w.s.h.BeanNameUrlHandlerMapping      : Rejected bean name 'errorPageCustomizer': no URL paths identified
2018-07-10 16:36:34.142 DEBUG 16838 --- [main] o.s.w.s.h.BeanNameUrlHandlerMapping      : Rejected bean name 'preserveErrorControllerTargetClassPostProcessor': no URL paths identified
2018-07-10 16:36:34.142 DEBUG 16838 --- [main] o.s.w.s.h.BeanNameUrlHandlerMapping      : Rejected bean name 'spring.resources-org.springframework.boot.autoconfigure.web.ResourceProperties': no URL paths identified
2018-07-10 16:36:34.142 DEBUG 16838 --- [main] o.s.w.s.h.BeanNameUrlHandlerMapping      : Rejected bean name 'org.springframework.boot.autoconfigure.web.servlet.WebMvcAutoConfiguration$WebMvcAutoConfigurationAdapter$FaviconConfiguration': no URL paths identified
2018-07-10 16:36:34.143 DEBUG 16838 --- [main] o.s.w.s.h.BeanNameUrlHandlerMapping      : Rejected bean name 'faviconHandlerMapping': no URL paths identified
2018-07-10 16:36:34.143 DEBUG 16838 --- [main] o.s.w.s.h.BeanNameUrlHandlerMapping      : Rejected bean name 'faviconRequestHandler': no URL paths identified
2018-07-10 16:36:34.143 DEBUG 16838 --- [main] o.s.w.s.h.BeanNameUrlHandlerMapping      : Rejected bean name 'org.springframework.boot.autoconfigure.web.servlet.WebMvcAutoConfiguration$EnableWebMvcConfiguration': no URL paths identified
2018-07-10 16:36:34.144 DEBUG 16838 --- [main] o.s.w.s.h.BeanNameUrlHandlerMapping      : Rejected bean name 'requestMappingHandlerAdapter': no URL paths identified
2018-07-10 16:36:34.144 DEBUG 16838 --- [main] o.s.w.s.h.BeanNameUrlHandlerMapping      : Rejected bean name 'requestMappingHandlerMapping': no URL paths identified
2018-07-10 16:36:34.145 DEBUG 16838 --- [main] o.s.w.s.h.BeanNameUrlHandlerMapping      : Rejected bean name 'mvcConversionService': no URL paths identified
2018-07-10 16:36:34.145 DEBUG 16838 --- [main] o.s.w.s.h.BeanNameUrlHandlerMapping      : Rejected bean name 'mvcValidator': no URL paths identified
2018-07-10 16:36:34.145 DEBUG 16838 --- [main] o.s.w.s.h.BeanNameUrlHandlerMapping      : Rejected bean name 'mvcContentNegotiationManager': no URL paths identified
2018-07-10 16:36:34.145 DEBUG 16838 --- [main] o.s.w.s.h.BeanNameUrlHandlerMapping      : Rejected bean name 'mvcPathMatcher': no URL paths identified
2018-07-10 16:36:34.145 DEBUG 16838 --- [main] o.s.w.s.h.BeanNameUrlHandlerMapping      : Rejected bean name 'mvcUrlPathHelper': no URL paths identified
2018-07-10 16:36:34.146 DEBUG 16838 --- [main] o.s.w.s.h.BeanNameUrlHandlerMapping      : Rejected bean name 'viewControllerHandlerMapping': no URL paths identified
2018-07-10 16:36:34.146 DEBUG 16838 --- [main] o.s.w.s.h.BeanNameUrlHandlerMapping      : Rejected bean name 'beanNameHandlerMapping': no URL paths identified
2018-07-10 16:36:34.146 DEBUG 16838 --- [main] o.s.w.s.h.BeanNameUrlHandlerMapping      : Rejected bean name 'resourceHandlerMapping': no URL paths identified
2018-07-10 16:36:34.146 DEBUG 16838 --- [main] o.s.w.s.h.BeanNameUrlHandlerMapping      : Rejected bean name 'mvcResourceUrlProvider': no URL paths identified
2018-07-10 16:36:34.147 DEBUG 16838 --- [main] o.s.w.s.h.BeanNameUrlHandlerMapping      : Rejected bean name 'defaultServletHandlerMapping': no URL paths identified
2018-07-10 16:36:34.147 DEBUG 16838 --- [main] o.s.w.s.h.BeanNameUrlHandlerMapping      : Rejected bean name 'mvcUriComponentsContributor': no URL paths identified
2018-07-10 16:36:34.147 DEBUG 16838 --- [main] o.s.w.s.h.BeanNameUrlHandlerMapping      : Rejected bean name 'httpRequestHandlerAdapter': no URL paths identified
2018-07-10 16:36:34.147 DEBUG 16838 --- [main] o.s.w.s.h.BeanNameUrlHandlerMapping      : Rejected bean name 'simpleControllerHandlerAdapter': no URL paths identified
2018-07-10 16:36:34.147 DEBUG 16838 --- [main] o.s.w.s.h.BeanNameUrlHandlerMapping      : Rejected bean name 'handlerExceptionResolver': no URL paths identified
2018-07-10 16:36:34.147 DEBUG 16838 --- [main] o.s.w.s.h.BeanNameUrlHandlerMapping      : Rejected bean name 'mvcViewResolver': no URL paths identified
2018-07-10 16:36:34.147 DEBUG 16838 --- [main] o.s.w.s.h.BeanNameUrlHandlerMapping      : Rejected bean name 'mvcHandlerMappingIntrospector': no URL paths identified
2018-07-10 16:36:34.147 DEBUG 16838 --- [main] o.s.w.s.h.BeanNameUrlHandlerMapping      : Rejected bean name 'org.springframework.boot.autoconfigure.web.servlet.WebMvcAutoConfiguration$WebMvcAutoConfigurationAdapter': no URL paths identified
2018-07-10 16:36:34.148 DEBUG 16838 --- [main] o.s.w.s.h.BeanNameUrlHandlerMapping      : Rejected bean name 'defaultViewResolver': no URL paths identified
2018-07-10 16:36:34.148 DEBUG 16838 --- [main] o.s.w.s.h.BeanNameUrlHandlerMapping      : Rejected bean name 'viewResolver': no URL paths identified
2018-07-10 16:36:34.148 DEBUG 16838 --- [main] o.s.w.s.h.BeanNameUrlHandlerMapping      : Rejected bean name 'welcomePageHandlerMapping': no URL paths identified
2018-07-10 16:36:34.148 DEBUG 16838 --- [main] o.s.w.s.h.BeanNameUrlHandlerMapping      : Rejected bean name 'requestContextFilter': no URL paths identified
2018-07-10 16:36:34.148 DEBUG 16838 --- [main] o.s.w.s.h.BeanNameUrlHandlerMapping      : Rejected bean name 'org.springframework.boot.autoconfigure.web.servlet.WebMvcAutoConfiguration': no URL paths identified
2018-07-10 16:36:34.148 DEBUG 16838 --- [main] o.s.w.s.h.BeanNameUrlHandlerMapping      : Rejected bean name 'hiddenHttpMethodFilter': no URL paths identified
2018-07-10 16:36:34.148 DEBUG 16838 --- [main] o.s.w.s.h.BeanNameUrlHandlerMapping      : Rejected bean name 'httpPutFormContentFilter': no URL paths identified
2018-07-10 16:36:34.148 DEBUG 16838 --- [main] o.s.w.s.h.BeanNameUrlHandlerMapping      : Rejected bean name 'org.springframework.boot.autoconfigure.context.ConfigurationPropertiesAutoConfiguration': no URL paths identified
2018-07-10 16:36:34.149 DEBUG 16838 --- [main] o.s.w.s.h.BeanNameUrlHandlerMapping      : Rejected bean name 'org.springframework.boot.autoconfigure.jackson.JacksonAutoConfiguration$Jackson2ObjectMapperBuilderCustomizerConfiguration': no URL paths identified
2018-07-10 16:36:34.149 DEBUG 16838 --- [main] o.s.w.s.h.BeanNameUrlHandlerMapping      : Rejected bean name 'standardJacksonObjectMapperBuilderCustomizer': no URL paths identified
2018-07-10 16:36:34.149 DEBUG 16838 --- [main] o.s.w.s.h.BeanNameUrlHandlerMapping      : Rejected bean name 'spring.jackson-org.springframework.boot.autoconfigure.jackson.JacksonProperties': no URL paths identified
2018-07-10 16:36:34.149 DEBUG 16838 --- [main] o.s.w.s.h.BeanNameUrlHandlerMapping      : Rejected bean name 'org.springframework.boot.autoconfigure.jackson.JacksonAutoConfiguration$JacksonObjectMapperBuilderConfiguration': no URL paths identified
2018-07-10 16:36:34.149 DEBUG 16838 --- [main] o.s.w.s.h.BeanNameUrlHandlerMapping      : Rejected bean name 'jacksonObjectMapperBuilder': no URL paths identified
2018-07-10 16:36:34.149 DEBUG 16838 --- [main] o.s.w.s.h.BeanNameUrlHandlerMapping      : Rejected bean name 'org.springframework.boot.autoconfigure.jackson.JacksonAutoConfiguration$ParameterNamesModuleConfiguration': no URL paths identified
2018-07-10 16:36:34.150 DEBUG 16838 --- [main] o.s.w.s.h.BeanNameUrlHandlerMapping      : Rejected bean name 'parameterNamesModule': no URL paths identified
2018-07-10 16:36:34.150 DEBUG 16838 --- [main] o.s.w.s.h.BeanNameUrlHandlerMapping      : Rejected bean name 'org.springframework.boot.autoconfigure.jackson.JacksonAutoConfiguration$JacksonObjectMapperConfiguration': no URL paths identified
2018-07-10 16:36:34.151 DEBUG 16838 --- [main] o.s.w.s.h.BeanNameUrlHandlerMapping      : Rejected bean name 'jacksonObjectMapper': no URL paths identified
2018-07-10 16:36:34.151 DEBUG 16838 --- [main] o.s.w.s.h.BeanNameUrlHandlerMapping      : Rejected bean name 'org.springframework.boot.autoconfigure.jackson.JacksonAutoConfiguration': no URL paths identified
2018-07-10 16:36:34.151 DEBUG 16838 --- [main] o.s.w.s.h.BeanNameUrlHandlerMapping      : Rejected bean name 'jsonComponentModule': no URL paths identified
2018-07-10 16:36:34.151 DEBUG 16838 --- [main] o.s.w.s.h.BeanNameUrlHandlerMapping      : Rejected bean name 'org.springframework.boot.autoconfigure.http.HttpMessageConvertersAutoConfiguration$StringHttpMessageConverterConfiguration': no URL paths identified
2018-07-10 16:36:34.152 DEBUG 16838 --- [main] o.s.w.s.h.BeanNameUrlHandlerMapping      : Rejected bean name 'stringHttpMessageConverter': no URL paths identified
2018-07-10 16:36:34.152 DEBUG 16838 --- [main] o.s.w.s.h.BeanNameUrlHandlerMapping      : Rejected bean name 'spring.http.encoding-org.springframework.boot.autoconfigure.http.HttpEncodingProperties': no URL paths identified
2018-07-10 16:36:34.153 DEBUG 16838 --- [main] o.s.w.s.h.BeanNameUrlHandlerMapping      : Rejected bean name 'org.springframework.boot.autoconfigure.http.JacksonHttpMessageConvertersConfiguration$MappingJackson2HttpMessageConverterConfiguration': no URL paths identified
2018-07-10 16:36:34.154 DEBUG 16838 --- [main] o.s.w.s.h.BeanNameUrlHandlerMapping      : Rejected bean name 'mappingJackson2HttpMessageConverter': no URL paths identified
2018-07-10 16:36:34.154 DEBUG 16838 --- [main] o.s.w.s.h.BeanNameUrlHandlerMapping      : Rejected bean name 'org.springframework.boot.autoconfigure.http.JacksonHttpMessageConvertersConfiguration': no URL paths identified
2018-07-10 16:36:34.154 DEBUG 16838 --- [main] o.s.w.s.h.BeanNameUrlHandlerMapping      : Rejected bean name 'org.springframework.boot.autoconfigure.http.HttpMessageConvertersAutoConfiguration': no URL paths identified
2018-07-10 16:36:34.154 DEBUG 16838 --- [main] o.s.w.s.h.BeanNameUrlHandlerMapping      : Rejected bean name 'messageConverters': no URL paths identified
2018-07-10 16:36:34.156 DEBUG 16838 --- [main] o.s.w.s.h.BeanNameUrlHandlerMapping      : Rejected bean name 'org.springframework.boot.autoconfigure.http.codec.CodecsAutoConfiguration$JacksonCodecConfiguration': no URL paths identified
2018-07-10 16:36:34.156 DEBUG 16838 --- [main] o.s.w.s.h.BeanNameUrlHandlerMapping      : Rejected bean name 'jacksonCodecCustomizer': no URL paths identified
2018-07-10 16:36:34.156 DEBUG 16838 --- [main] o.s.w.s.h.BeanNameUrlHandlerMapping      : Rejected bean name 'org.springframework.boot.autoconfigure.http.codec.CodecsAutoConfiguration': no URL paths identified
2018-07-10 16:36:34.157 DEBUG 16838 --- [main] o.s.w.s.h.BeanNameUrlHandlerMapping      : Rejected bean name 'org.springframework.boot.autoconfigure.info.ProjectInfoAutoConfiguration': no URL paths identified
2018-07-10 16:36:34.158 DEBUG 16838 --- [main] o.s.w.s.h.BeanNameUrlHandlerMapping      : Rejected bean name 'spring.info-org.springframework.boot.autoconfigure.info.ProjectInfoProperties': no URL paths identified
2018-07-10 16:36:34.158 DEBUG 16838 --- [main] o.s.w.s.h.BeanNameUrlHandlerMapping      : Rejected bean name 'org.springframework.boot.autoconfigure.security.reactive.ReactiveSecurityAutoConfiguration': no URL paths identified
2018-07-10 16:36:34.158 DEBUG 16838 --- [main] o.s.w.s.h.BeanNameUrlHandlerMapping      : Rejected bean name 'spring.security-org.springframework.boot.autoconfigure.security.SecurityProperties': no URL paths identified
2018-07-10 16:36:34.159 DEBUG 16838 --- [main] o.s.w.s.h.BeanNameUrlHandlerMapping      : Rejected bean name 'org.springframework.boot.autoconfigure.web.client.RestTemplateAutoConfiguration': no URL paths identified
2018-07-10 16:36:34.160 DEBUG 16838 --- [main] o.s.w.s.h.BeanNameUrlHandlerMapping      : Rejected bean name 'restTemplateBuilder': no URL paths identified
2018-07-10 16:36:34.161 DEBUG 16838 --- [main] o.s.w.s.h.BeanNameUrlHandlerMapping      : Rejected bean name 'org.springframework.boot.autoconfigure.web.embedded.EmbeddedWebServerFactoryCustomizerAutoConfiguration$TomcatWebServerFactoryCustomizerConfiguration': no URL paths identified
2018-07-10 16:36:34.161 DEBUG 16838 --- [main] o.s.w.s.h.BeanNameUrlHandlerMapping      : Rejected bean name 'tomcatWebServerFactoryCustomizer': no URL paths identified
2018-07-10 16:36:34.161 DEBUG 16838 --- [main] o.s.w.s.h.BeanNameUrlHandlerMapping      : Rejected bean name 'org.springframework.boot.autoconfigure.web.embedded.EmbeddedWebServerFactoryCustomizerAutoConfiguration': no URL paths identified
2018-07-10 16:36:34.161 DEBUG 16838 --- [main] o.s.w.s.h.BeanNameUrlHandlerMapping      : Rejected bean name 'org.springframework.boot.autoconfigure.web.servlet.HttpEncodingAutoConfiguration': no URL paths identified
2018-07-10 16:36:34.161 DEBUG 16838 --- [main] o.s.w.s.h.BeanNameUrlHandlerMapping      : Rejected bean name 'characterEncodingFilter': no URL paths identified
2018-07-10 16:36:34.161 DEBUG 16838 --- [main] o.s.w.s.h.BeanNameUrlHandlerMapping      : Rejected bean name 'localeCharsetMappingsCustomizer': no URL paths identified
2018-07-10 16:36:34.162 DEBUG 16838 --- [main] o.s.w.s.h.BeanNameUrlHandlerMapping      : Rejected bean name 'org.springframework.boot.autoconfigure.web.servlet.MultipartAutoConfiguration': no URL paths identified
2018-07-10 16:36:34.162 DEBUG 16838 --- [main] o.s.w.s.h.BeanNameUrlHandlerMapping      : Rejected bean name 'multipartConfigElement': no URL paths identified
2018-07-10 16:36:34.162 DEBUG 16838 --- [main] o.s.w.s.h.BeanNameUrlHandlerMapping      : Rejected bean name 'multipartResolver': no URL paths identified
2018-07-10 16:36:34.162 DEBUG 16838 --- [main] o.s.w.s.h.BeanNameUrlHandlerMapping      : Rejected bean name 'spring.servlet.multipart-org.springframework.boot.autoconfigure.web.servlet.MultipartProperties': no URL paths identified
2018-07-10 16:36:34.162 DEBUG 16838 --- [main] o.s.w.s.h.BeanNameUrlHandlerMapping      : Rejected bean name 'autoConfigurationReport': no URL paths identified
2018-07-10 16:36:34.162 DEBUG 16838 --- [main] o.s.w.s.h.BeanNameUrlHandlerMapping      : Rejected bean name 'org.springframework.boot.context.ContextIdApplicationContextInitializer$ContextId': no URL paths identified
2018-07-10 16:36:34.163 DEBUG 16838 --- [main] o.s.w.s.h.BeanNameUrlHandlerMapping      : Rejected bean name 'org.springframework.boot.test.context.filter.TestTypeExcludeFilter': no URL paths identified
2018-07-10 16:36:34.163 DEBUG 16838 --- [main] o.s.w.s.h.BeanNameUrlHandlerMapping      : Rejected bean name 'org.springframework.boot.test.autoconfigure.properties.PropertyMappingContextCustomizer$PropertyMappingCheckBeanPostProcessor': no URL paths identified
2018-07-10 16:36:34.163 DEBUG 16838 --- [main] o.s.w.s.h.BeanNameUrlHandlerMapping      : Rejected bean name 'springApplicationArguments': no URL paths identified
2018-07-10 16:36:34.163 DEBUG 16838 --- [main] o.s.w.s.h.BeanNameUrlHandlerMapping      : Rejected bean name 'springBootBanner': no URL paths identified
2018-07-10 16:36:34.163 DEBUG 16838 --- [main] o.s.w.s.h.BeanNameUrlHandlerMapping      : Rejected bean name 'springBootLoggingSystem': no URL paths identified
2018-07-10 16:36:34.163 DEBUG 16838 --- [main] o.s.w.s.h.BeanNameUrlHandlerMapping      : Rejected bean name 'environment': no URL paths identified
2018-07-10 16:36:34.163 DEBUG 16838 --- [main] o.s.w.s.h.BeanNameUrlHandlerMapping      : Rejected bean name 'systemProperties': no URL paths identified
2018-07-10 16:36:34.163 DEBUG 16838 --- [main] o.s.w.s.h.BeanNameUrlHandlerMapping      : Rejected bean name 'systemEnvironment': no URL paths identified
2018-07-10 16:36:34.163 DEBUG 16838 --- [main] o.s.w.s.h.BeanNameUrlHandlerMapping      : Rejected bean name 'servletContext': no URL paths identified
2018-07-10 16:36:34.165 DEBUG 16838 --- [main] o.s.w.s.h.BeanNameUrlHandlerMapping      : Rejected bean name 'contextParameters': no URL paths identified
2018-07-10 16:36:34.165 DEBUG 16838 --- [main] o.s.w.s.h.BeanNameUrlHandlerMapping      : Rejected bean name 'contextAttributes': no URL paths identified
2018-07-10 16:36:34.165 DEBUG 16838 --- [main] o.s.w.s.h.BeanNameUrlHandlerMapping      : Rejected bean name 'org.springframework.context.annotation.ConfigurationClassPostProcessor.importRegistry': no URL paths identified
2018-07-10 16:36:34.165 DEBUG 16838 --- [main] o.s.w.s.h.BeanNameUrlHandlerMapping      : Rejected bean name 'org.springframework.boot.test.mock.mockito.MockitoBeans': no URL paths identified
2018-07-10 16:36:34.165 DEBUG 16838 --- [main] o.s.w.s.h.BeanNameUrlHandlerMapping      : Rejected bean name 'messageSource': no URL paths identified
2018-07-10 16:36:34.165 DEBUG 16838 --- [main] o.s.w.s.h.BeanNameUrlHandlerMapping      : Rejected bean name 'applicationEventMulticaster': no URL paths identified
2018-07-10 16:36:34.175  INFO 16838 --- [main] o.s.w.s.handler.SimpleUrlHandlerMapping  : Mapped URL path [/webjars/**] onto handler of type [class org.springframework.web.servlet.resource.ResourceHttpRequestHandler]
2018-07-10 16:36:34.175  INFO 16838 --- [main] o.s.w.s.handler.SimpleUrlHandlerMapping  : Mapped URL path [/**] onto handler of type [class org.springframework.web.servlet.resource.ResourceHttpRequestHandler]
2018-07-10 16:36:34.188 DEBUG 16838 --- [main] .m.m.a.ExceptionHandlerExceptionResolver : Looking for exception mappings: org.springframework.web.context.support.GenericWebApplicationContext@353352b6: startup date [Tue Jul 10 16:36:31 EDT 2018]; root of context hierarchy
2018-07-10 16:36:34.405 DEBUG 16838 --- [main] o.s.w.c.s.GenericWebApplicationContext   : Unable to locate LifecycleProcessor with name 'lifecycleProcessor': using default [org.springframework.context.support.DefaultLifecycleProcessor@412c995d]
2018-07-10 16:36:34.419 DEBUG 16838 --- [main] o.s.w.s.resource.ResourceUrlProvider     : Looking for resource handler mappings
2018-07-10 16:36:34.420 DEBUG 16838 --- [main] o.s.w.s.resource.ResourceUrlProvider     : Found resource handler mapping: URL pattern="/**/favicon.ico", locations=[class path resource [META-INF/resources/], class path resource [resources/], class path resource [static/], class path resource [public/], ServletContext resource [/], class path resource []], resolvers=[org.springframework.web.servlet.resource.PathResourceResolver@73aff8f1]
2018-07-10 16:36:34.420 DEBUG 16838 --- [main] o.s.w.s.resource.ResourceUrlProvider     : Found resource handler mapping: URL pattern="/webjars/**", locations=[class path resource [META-INF/resources/webjars/]], resolvers=[org.springframework.web.servlet.resource.PathResourceResolver@27cbfddf]
2018-07-10 16:36:34.421 DEBUG 16838 --- [main] o.s.w.s.resource.ResourceUrlProvider     : Found resource handler mapping: URL pattern="/**", locations=[class path resource [META-INF/resources/], class path resource [resources/], class path resource [static/], class path resource [public/], ServletContext resource [/]], resolvers=[org.springframework.web.servlet.resource.PathResourceResolver@27ead29e]
2018-07-10 16:36:34.427  INFO 16838 --- [main] c.e.l.LogbackloggingApplicationTests     : Started LogbackloggingApplicationTests in 3.22 seconds (JVM running for 4.325)
2018-07-10 16:36:34.594  INFO 16838 --- [Thread-2] o.s.w.c.s.GenericWebApplicationContext   : Closing org.springframework.web.context.support.GenericWebApplicationContext@353352b6: startup date [Tue Jul 10 16:36:31 EDT 2018]; root of context hierarchy
2018-07-10 16:38:03,587 DEBUG [main] org.springframework.web.context.support.StandardServletEnvironment : Adding PropertySource 'servletConfigInitParams' with lowest search precedence
2018-07-10 16:38:03,588 DEBUG [main] org.springframework.web.context.support.StandardServletEnvironment : Adding PropertySource 'servletContextInitParams' with lowest search precedence
2018-07-10 16:38:03,592 DEBUG [main] org.springframework.web.context.support.StandardServletEnvironment : Adding PropertySource 'systemProperties' with lowest search precedence
2018-07-10 16:38:03,592 DEBUG [main] org.springframework.web.context.support.StandardServletEnvironment : Adding PropertySource 'systemEnvironment' with lowest search precedence
2018-07-10 16:38:03,593 DEBUG [main] org.springframework.web.context.support.StandardServletEnvironment : Initialized StandardServletEnvironment with PropertySources [StubPropertySource {name='servletConfigInitParams'}, StubPropertySource {name='servletContextInitParams'}, MapPropertySource {name='systemProperties'}, SystemEnvironmentPropertySource {name='systemEnvironment'}]
2018-07-10 16:38:03,616 INFO  [main] com.example.logbacklogging.LogbackloggingApplicationTests : Starting LogbackloggingApplicationTests on FNUs-MBP with PID 16878 (started by BhupendraKumar in /Users/BhupendraKumar/Downloads/logbacklogging)
2018-07-10 16:38:03,618 INFO  [main] com.example.logbacklogging.LogbackloggingApplicationTests : No active profile set, falling back to default profiles: default
2018-07-10 16:38:03,656 INFO  [main] org.springframework.web.context.support.GenericWebApplicationContext : Refreshing org.springframework.web.context.support.GenericWebApplicationContext@5032714f: startup date [Tue Jul 10 16:38:03 EDT 2018]; root of context hierarchy
2018-07-10 16:38:03,658 DEBUG [main] org.springframework.web.context.support.GenericWebApplicationContext : Bean factory for org.springframework.web.context.support.GenericWebApplicationContext@5032714f: org.springframework.beans.factory.support.DefaultListableBeanFactory@7283d3eb: defining beans [org.springframework.boot.test.mock.mockito.MockitoPostProcessor$SpyPostProcessor,org.springframework.boot.test.mock.mockito.MockitoPostProcessor,org.springframework.context.annotation.internalConfigurationAnnotationProcessor,org.springframework.context.annotation.internalAutowiredAnnotationProcessor,org.springframework.context.annotation.internalRequiredAnnotationProcessor,org.springframework.context.annotation.internalCommonAnnotationProcessor,org.springframework.context.event.internalEventListenerProcessor,org.springframework.context.event.internalEventListenerFactory,logbackloggingApplication]; root of factory hierarchy
2018-07-10 16:38:05,026 DEBUG [main] org.springframework.web.context.support.GenericWebApplicationContext : Unable to locate MessageSource with name 'messageSource': using default [org.springframework.context.support.DelegatingMessageSource@40dd3977]
2018-07-10 16:38:05,027 DEBUG [main] org.springframework.web.context.support.GenericWebApplicationContext : Unable to locate ApplicationEventMulticaster with name 'applicationEventMulticaster': using default [org.springframework.context.event.SimpleApplicationEventMulticaster@3a4e343]
2018-07-10 16:38:05,675 INFO  [main] org.springframework.web.servlet.handler.SimpleUrlHandlerMapping : Mapped URL path [/**/favicon.ico] onto handler of type [class org.springframework.web.servlet.resource.ResourceHttpRequestHandler]
2018-07-10 16:38:06,168 INFO  [main] org.springframework.web.servlet.mvc.method.annotation.RequestMappingHandlerAdapter : Looking for @ControllerAdvice: org.springframework.web.context.support.GenericWebApplicationContext@5032714f: startup date [Tue Jul 10 16:38:03 EDT 2018]; root of context hierarchy
2018-07-10 16:38:06,238 DEBUG [main] org.springframework.web.servlet.mvc.method.annotation.RequestMappingHandlerMapping : Looking for request mappings in application context: org.springframework.web.context.support.GenericWebApplicationContext@5032714f: startup date [Tue Jul 10 16:38:03 EDT 2018]; root of context hierarchy
2018-07-10 16:38:06,254 DEBUG [main] org.springframework.web.servlet.mvc.method.annotation.RequestMappingHandlerMapping : 4 request handler methods found on class com.example.logbacklogging.controller.RestEnpoints: {public com.example.logbacklogging.controller.Course com.example.logbacklogging.controller.RestEnpoints.getDefaultCourse(java.lang.String,int)={[/defaultCourse]}, public java.util.HashMap com.example.logbacklogging.controller.RestEnpoints.getConfigAnnotateProperties()={[/gethierarchical]}, public com.example.logbacklogging.controller.Course com.example.logbacklogging.controller.RestEnpoints.getEndpoint(java.lang.String,int)={[/course]}, public java.lang.String com.example.logbacklogging.controller.RestEnpoints.saveCourse(com.example.logbacklogging.controller.Course)={[/register/course],methods=[POST]}}
2018-07-10 16:38:06,270 INFO  [main] org.springframework.web.servlet.mvc.method.annotation.RequestMappingHandlerMapping : Mapped "{[/defaultCourse]}" onto public com.example.logbacklogging.controller.Course com.example.logbacklogging.controller.RestEnpoints.getDefaultCourse(java.lang.String,int)
2018-07-10 16:38:06,271 INFO  [main] org.springframework.web.servlet.mvc.method.annotation.RequestMappingHandlerMapping : Mapped "{[/gethierarchical]}" onto public java.util.HashMap<java.lang.String, java.lang.Object> com.example.logbacklogging.controller.RestEnpoints.getConfigAnnotateProperties()
2018-07-10 16:38:06,272 INFO  [main] org.springframework.web.servlet.mvc.method.annotation.RequestMappingHandlerMapping : Mapped "{[/course]}" onto public com.example.logbacklogging.controller.Course com.example.logbacklogging.controller.RestEnpoints.getEndpoint(java.lang.String,int)
2018-07-10 16:38:06,274 INFO  [main] org.springframework.web.servlet.mvc.method.annotation.RequestMappingHandlerMapping : Mapped "{[/register/course],methods=[POST]}" onto public java.lang.String com.example.logbacklogging.controller.RestEnpoints.saveCourse(com.example.logbacklogging.controller.Course)
2018-07-10 16:38:06,281 DEBUG [main] org.springframework.web.servlet.mvc.method.annotation.RequestMappingHandlerMapping : 2 request handler methods found on class org.springframework.boot.autoconfigure.web.servlet.error.BasicErrorController: {public org.springframework.http.ResponseEntity org.springframework.boot.autoconfigure.web.servlet.error.BasicErrorController.error(javax.servlet.http.HttpServletRequest)={[/error]}, public org.springframework.web.servlet.ModelAndView org.springframework.boot.autoconfigure.web.servlet.error.BasicErrorController.errorHtml(javax.servlet.http.HttpServletRequest,javax.servlet.http.HttpServletResponse)={[/error],produces=[text/html]}}
2018-07-10 16:38:06,282 INFO  [main] org.springframework.web.servlet.mvc.method.annotation.RequestMappingHandlerMapping : Mapped "{[/error]}" onto public org.springframework.http.ResponseEntity<java.util.Map<java.lang.String, java.lang.Object>> org.springframework.boot.autoconfigure.web.servlet.error.BasicErrorController.error(javax.servlet.http.HttpServletRequest)
2018-07-10 16:38:06,283 INFO  [main] org.springframework.web.servlet.mvc.method.annotation.RequestMappingHandlerMapping : Mapped "{[/error],produces=[text/html]}" onto public org.springframework.web.servlet.ModelAndView org.springframework.boot.autoconfigure.web.servlet.error.BasicErrorController.errorHtml(javax.servlet.http.HttpServletRequest,javax.servlet.http.HttpServletResponse)
2018-07-10 16:38:06,315 DEBUG [main] org.springframework.web.servlet.handler.BeanNameUrlHandlerMapping : Looking for URL mappings in application context: org.springframework.web.context.support.GenericWebApplicationContext@5032714f: startup date [Tue Jul 10 16:38:03 EDT 2018]; root of context hierarchy
2018-07-10 16:38:06,316 DEBUG [main] org.springframework.web.servlet.handler.BeanNameUrlHandlerMapping : Rejected bean name 'org.springframework.boot.test.mock.mockito.MockitoPostProcessor$SpyPostProcessor': no URL paths identified
2018-07-10 16:38:06,316 DEBUG [main] org.springframework.web.servlet.handler.BeanNameUrlHandlerMapping : Rejected bean name 'org.springframework.boot.test.mock.mockito.MockitoPostProcessor': no URL paths identified
2018-07-10 16:38:06,316 DEBUG [main] org.springframework.web.servlet.handler.BeanNameUrlHandlerMapping : Rejected bean name 'org.springframework.context.annotation.internalConfigurationAnnotationProcessor': no URL paths identified
2018-07-10 16:38:06,316 DEBUG [main] org.springframework.web.servlet.handler.BeanNameUrlHandlerMapping : Rejected bean name 'org.springframework.context.annotation.internalAutowiredAnnotationProcessor': no URL paths identified
2018-07-10 16:38:06,316 DEBUG [main] org.springframework.web.servlet.handler.BeanNameUrlHandlerMapping : Rejected bean name 'org.springframework.context.annotation.internalRequiredAnnotationProcessor': no URL paths identified
2018-07-10 16:38:06,316 DEBUG [main] org.springframework.web.servlet.handler.BeanNameUrlHandlerMapping : Rejected bean name 'org.springframework.context.annotation.internalCommonAnnotationProcessor': no URL paths identified
2018-07-10 16:38:06,316 DEBUG [main] org.springframework.web.servlet.handler.BeanNameUrlHandlerMapping : Rejected bean name 'org.springframework.context.event.internalEventListenerProcessor': no URL paths identified
2018-07-10 16:38:06,317 DEBUG [main] org.springframework.web.servlet.handler.BeanNameUrlHandlerMapping : Rejected bean name 'org.springframework.context.event.internalEventListenerFactory': no URL paths identified
2018-07-10 16:38:06,317 DEBUG [main] org.springframework.web.servlet.handler.BeanNameUrlHandlerMapping : Rejected bean name 'logbackloggingApplication': no URL paths identified
2018-07-10 16:38:06,317 DEBUG [main] org.springframework.web.servlet.handler.BeanNameUrlHandlerMapping : Rejected bean name 'org.springframework.boot.autoconfigure.internalCachingMetadataReaderFactory': no URL paths identified
2018-07-10 16:38:06,317 DEBUG [main] org.springframework.web.servlet.handler.BeanNameUrlHandlerMapping : Rejected bean name 'courseConfiguration': no URL paths identified
2018-07-10 16:38:06,317 DEBUG [main] org.springframework.web.servlet.handler.BeanNameUrlHandlerMapping : Rejected bean name 'restEnpoints': no URL paths identified
2018-07-10 16:38:06,317 DEBUG [main] org.springframework.web.servlet.handler.BeanNameUrlHandlerMapping : Rejected bean name 'org.springframework.boot.autoconfigure.AutoConfigurationPackages': no URL paths identified
2018-07-10 16:38:06,317 DEBUG [main] org.springframework.web.servlet.handler.BeanNameUrlHandlerMapping : Rejected bean name 'org.springframework.boot.autoconfigure.context.PropertyPlaceholderAutoConfiguration': no URL paths identified
2018-07-10 16:38:06,318 DEBUG [main] org.springframework.web.servlet.handler.BeanNameUrlHandlerMapping : Rejected bean name 'org.springframework.boot.autoconfigure.condition.BeanTypeRegistry': no URL paths identified
2018-07-10 16:38:06,321 DEBUG [main] org.springframework.web.servlet.handler.BeanNameUrlHandlerMapping : Rejected bean name 'propertySourcesPlaceholderConfigurer': no URL paths identified
2018-07-10 16:38:06,322 DEBUG [main] org.springframework.web.servlet.handler.BeanNameUrlHandlerMapping : Rejected bean name 'org.springframework.boot.autoconfigure.websocket.servlet.WebSocketServletAutoConfiguration$TomcatWebSocketConfiguration': no URL paths identified
2018-07-10 16:38:06,322 DEBUG [main] org.springframework.web.servlet.handler.BeanNameUrlHandlerMapping : Rejected bean name 'websocketContainerCustomizer': no URL paths identified
2018-07-10 16:38:06,322 DEBUG [main] org.springframework.web.servlet.handler.BeanNameUrlHandlerMapping : Rejected bean name 'org.springframework.boot.autoconfigure.websocket.servlet.WebSocketServletAutoConfiguration': no URL paths identified
2018-07-10 16:38:06,322 DEBUG [main] org.springframework.web.servlet.handler.BeanNameUrlHandlerMapping : Rejected bean name 'org.springframework.boot.autoconfigure.web.servlet.ServletWebServerFactoryConfiguration$EmbeddedTomcat': no URL paths identified
2018-07-10 16:38:06,324 DEBUG [main] org.springframework.web.servlet.handler.BeanNameUrlHandlerMapping : Rejected bean name 'tomcatServletWebServerFactory': no URL paths identified
2018-07-10 16:38:06,326 DEBUG [main] org.springframework.web.servlet.handler.BeanNameUrlHandlerMapping : Rejected bean name 'org.springframework.boot.autoconfigure.web.servlet.ServletWebServerFactoryAutoConfiguration': no URL paths identified
2018-07-10 16:38:06,328 DEBUG [main] org.springframework.web.servlet.handler.BeanNameUrlHandlerMapping : Rejected bean name 'servletWebServerFactoryCustomizer': no URL paths identified
2018-07-10 16:38:06,328 DEBUG [main] org.springframework.web.servlet.handler.BeanNameUrlHandlerMapping : Rejected bean name 'tomcatServletWebServerFactoryCustomizer': no URL paths identified
2018-07-10 16:38:06,328 DEBUG [main] org.springframework.web.servlet.handler.BeanNameUrlHandlerMapping : Rejected bean name 'server-org.springframework.boot.autoconfigure.web.ServerProperties': no URL paths identified
2018-07-10 16:38:06,328 DEBUG [main] org.springframework.web.servlet.handler.BeanNameUrlHandlerMapping : Rejected bean name 'org.springframework.boot.context.properties.ConfigurationPropertiesBindingPostProcessor': no URL paths identified
2018-07-10 16:38:06,329 DEBUG [main] org.springframework.web.servlet.handler.BeanNameUrlHandlerMapping : Rejected bean name 'org.springframework.boot.context.properties.ConfigurationBeanFactoryMetadata': no URL paths identified
2018-07-10 16:38:06,329 DEBUG [main] org.springframework.web.servlet.handler.BeanNameUrlHandlerMapping : Rejected bean name 'webServerFactoryCustomizerBeanPostProcessor': no URL paths identified
2018-07-10 16:38:06,329 DEBUG [main] org.springframework.web.servlet.handler.BeanNameUrlHandlerMapping : Rejected bean name 'errorPageRegistrarBeanPostProcessor': no URL paths identified
2018-07-10 16:38:06,329 DEBUG [main] org.springframework.web.servlet.handler.BeanNameUrlHandlerMapping : Rejected bean name 'org.springframework.boot.autoconfigure.web.servlet.DispatcherServletAutoConfiguration$DispatcherServletConfiguration': no URL paths identified
2018-07-10 16:38:06,330 DEBUG [main] org.springframework.web.servlet.handler.BeanNameUrlHandlerMapping : Rejected bean name 'dispatcherServlet': no URL paths identified
2018-07-10 16:38:06,330 DEBUG [main] org.springframework.web.servlet.handler.BeanNameUrlHandlerMapping : Rejected bean name 'mainDispatcherServletPathProvider': no URL paths identified
2018-07-10 16:38:06,330 DEBUG [main] org.springframework.web.servlet.handler.BeanNameUrlHandlerMapping : Rejected bean name 'spring.mvc-org.springframework.boot.autoconfigure.web.servlet.WebMvcProperties': no URL paths identified
2018-07-10 16:38:06,330 DEBUG [main] org.springframework.web.servlet.handler.BeanNameUrlHandlerMapping : Rejected bean name 'org.springframework.boot.autoconfigure.web.servlet.DispatcherServletAutoConfiguration$DispatcherServletRegistrationConfiguration': no URL paths identified
2018-07-10 16:38:06,331 DEBUG [main] org.springframework.web.servlet.handler.BeanNameUrlHandlerMapping : Rejected bean name 'dispatcherServletRegistration': no URL paths identified
2018-07-10 16:38:06,331 DEBUG [main] org.springframework.web.servlet.handler.BeanNameUrlHandlerMapping : Rejected bean name 'org.springframework.boot.autoconfigure.web.servlet.DispatcherServletAutoConfiguration': no URL paths identified
2018-07-10 16:38:06,331 DEBUG [main] org.springframework.web.servlet.handler.BeanNameUrlHandlerMapping : Rejected bean name 'org.springframework.boot.autoconfigure.validation.ValidationAutoConfiguration': no URL paths identified
2018-07-10 16:38:06,331 DEBUG [main] org.springframework.web.servlet.handler.BeanNameUrlHandlerMapping : Rejected bean name 'defaultValidator': no URL paths identified
2018-07-10 16:38:06,331 DEBUG [main] org.springframework.web.servlet.handler.BeanNameUrlHandlerMapping : Rejected bean name 'methodValidationPostProcessor': no URL paths identified
2018-07-10 16:38:06,331 DEBUG [main] org.springframework.web.servlet.handler.BeanNameUrlHandlerMapping : Rejected bean name 'org.springframework.boot.autoconfigure.web.servlet.error.ErrorMvcAutoConfiguration$WhitelabelErrorViewConfiguration': no URL paths identified
2018-07-10 16:38:06,331 DEBUG [main] org.springframework.web.servlet.handler.BeanNameUrlHandlerMapping : Rejected bean name 'error': no URL paths identified
2018-07-10 16:38:06,332 DEBUG [main] org.springframework.web.servlet.handler.BeanNameUrlHandlerMapping : Rejected bean name 'beanNameViewResolver': no URL paths identified
2018-07-10 16:38:06,332 DEBUG [main] org.springframework.web.servlet.handler.BeanNameUrlHandlerMapping : Rejected bean name 'org.springframework.boot.autoconfigure.web.servlet.error.ErrorMvcAutoConfiguration$DefaultErrorViewResolverConfiguration': no URL paths identified
2018-07-10 16:38:06,332 DEBUG [main] org.springframework.web.servlet.handler.BeanNameUrlHandlerMapping : Rejected bean name 'conventionErrorViewResolver': no URL paths identified
2018-07-10 16:38:06,332 DEBUG [main] org.springframework.web.servlet.handler.BeanNameUrlHandlerMapping : Rejected bean name 'org.springframework.boot.autoconfigure.web.servlet.error.ErrorMvcAutoConfiguration': no URL paths identified
2018-07-10 16:38:06,332 DEBUG [main] org.springframework.web.servlet.handler.BeanNameUrlHandlerMapping : Rejected bean name 'errorAttributes': no URL paths identified
2018-07-10 16:38:06,332 DEBUG [main] org.springframework.web.servlet.handler.BeanNameUrlHandlerMapping : Rejected bean name 'basicErrorController': no URL paths identified
2018-07-10 16:38:06,332 DEBUG [main] org.springframework.web.servlet.handler.BeanNameUrlHandlerMapping : Rejected bean name 'errorPageCustomizer': no URL paths identified
2018-07-10 16:38:06,332 DEBUG [main] org.springframework.web.servlet.handler.BeanNameUrlHandlerMapping : Rejected bean name 'preserveErrorControllerTargetClassPostProcessor': no URL paths identified
2018-07-10 16:38:06,332 DEBUG [main] org.springframework.web.servlet.handler.BeanNameUrlHandlerMapping : Rejected bean name 'spring.resources-org.springframework.boot.autoconfigure.web.ResourceProperties': no URL paths identified
2018-07-10 16:38:06,333 DEBUG [main] org.springframework.web.servlet.handler.BeanNameUrlHandlerMapping : Rejected bean name 'org.springframework.boot.autoconfigure.web.servlet.WebMvcAutoConfiguration$WebMvcAutoConfigurationAdapter$FaviconConfiguration': no URL paths identified
2018-07-10 16:38:06,333 DEBUG [main] org.springframework.web.servlet.handler.BeanNameUrlHandlerMapping : Rejected bean name 'faviconHandlerMapping': no URL paths identified
2018-07-10 16:38:06,333 DEBUG [main] org.springframework.web.servlet.handler.BeanNameUrlHandlerMapping : Rejected bean name 'faviconRequestHandler': no URL paths identified
2018-07-10 16:38:06,334 DEBUG [main] org.springframework.web.servlet.handler.BeanNameUrlHandlerMapping : Rejected bean name 'org.springframework.boot.autoconfigure.web.servlet.WebMvcAutoConfiguration$EnableWebMvcConfiguration': no URL paths identified
2018-07-10 16:38:06,335 DEBUG [main] org.springframework.web.servlet.handler.BeanNameUrlHandlerMapping : Rejected bean name 'requestMappingHandlerAdapter': no URL paths identified
2018-07-10 16:38:06,336 DEBUG [main] org.springframework.web.servlet.handler.BeanNameUrlHandlerMapping : Rejected bean name 'requestMappingHandlerMapping': no URL paths identified
2018-07-10 16:38:06,337 DEBUG [main] org.springframework.web.servlet.handler.BeanNameUrlHandlerMapping : Rejected bean name 'mvcConversionService': no URL paths identified
2018-07-10 16:38:06,337 DEBUG [main] org.springframework.web.servlet.handler.BeanNameUrlHandlerMapping : Rejected bean name 'mvcValidator': no URL paths identified
2018-07-10 16:38:06,337 DEBUG [main] org.springframework.web.servlet.handler.BeanNameUrlHandlerMapping : Rejected bean name 'mvcContentNegotiationManager': no URL paths identified
2018-07-10 16:38:06,338 DEBUG [main] org.springframework.web.servlet.handler.BeanNameUrlHandlerMapping : Rejected bean name 'mvcPathMatcher': no URL paths identified
2018-07-10 16:38:06,338 DEBUG [main] org.springframework.web.servlet.handler.BeanNameUrlHandlerMapping : Rejected bean name 'mvcUrlPathHelper': no URL paths identified
2018-07-10 16:38:06,338 DEBUG [main] org.springframework.web.servlet.handler.BeanNameUrlHandlerMapping : Rejected bean name 'viewControllerHandlerMapping': no URL paths identified
2018-07-10 16:38:06,338 DEBUG [main] org.springframework.web.servlet.handler.BeanNameUrlHandlerMapping : Rejected bean name 'beanNameHandlerMapping': no URL paths identified
2018-07-10 16:38:06,338 DEBUG [main] org.springframework.web.servlet.handler.BeanNameUrlHandlerMapping : Rejected bean name 'resourceHandlerMapping': no URL paths identified
2018-07-10 16:38:06,339 DEBUG [main] org.springframework.web.servlet.handler.BeanNameUrlHandlerMapping : Rejected bean name 'mvcResourceUrlProvider': no URL paths identified
2018-07-10 16:38:06,339 DEBUG [main] org.springframework.web.servlet.handler.BeanNameUrlHandlerMapping : Rejected bean name 'defaultServletHandlerMapping': no URL paths identified
2018-07-10 16:38:06,339 DEBUG [main] org.springframework.web.servlet.handler.BeanNameUrlHandlerMapping : Rejected bean name 'mvcUriComponentsContributor': no URL paths identified
2018-07-10 16:38:06,339 DEBUG [main] org.springframework.web.servlet.handler.BeanNameUrlHandlerMapping : Rejected bean name 'httpRequestHandlerAdapter': no URL paths identified
2018-07-10 16:38:06,339 DEBUG [main] org.springframework.web.servlet.handler.BeanNameUrlHandlerMapping : Rejected bean name 'simpleControllerHandlerAdapter': no URL paths identified
2018-07-10 16:38:06,339 DEBUG [main] org.springframework.web.servlet.handler.BeanNameUrlHandlerMapping : Rejected bean name 'handlerExceptionResolver': no URL paths identified
2018-07-10 16:38:06,340 DEBUG [main] org.springframework.web.servlet.handler.BeanNameUrlHandlerMapping : Rejected bean name 'mvcViewResolver': no URL paths identified
2018-07-10 16:38:06,340 DEBUG [main] org.springframework.web.servlet.handler.BeanNameUrlHandlerMapping : Rejected bean name 'mvcHandlerMappingIntrospector': no URL paths identified
2018-07-10 16:38:06,340 DEBUG [main] org.springframework.web.servlet.handler.BeanNameUrlHandlerMapping : Rejected bean name 'org.springframework.boot.autoconfigure.web.servlet.WebMvcAutoConfiguration$WebMvcAutoConfigurationAdapter': no URL paths identified
2018-07-10 16:38:06,342 DEBUG [main] org.springframework.web.servlet.handler.BeanNameUrlHandlerMapping : Rejected bean name 'defaultViewResolver': no URL paths identified
2018-07-10 16:38:06,343 DEBUG [main] org.springframework.web.servlet.handler.BeanNameUrlHandlerMapping : Rejected bean name 'viewResolver': no URL paths identified
2018-07-10 16:38:06,343 DEBUG [main] org.springframework.web.servlet.handler.BeanNameUrlHandlerMapping : Rejected bean name 'welcomePageHandlerMapping': no URL paths identified
2018-07-10 16:38:06,343 DEBUG [main] org.springframework.web.servlet.handler.BeanNameUrlHandlerMapping : Rejected bean name 'requestContextFilter': no URL paths identified
2018-07-10 16:38:06,343 DEBUG [main] org.springframework.web.servlet.handler.BeanNameUrlHandlerMapping : Rejected bean name 'org.springframework.boot.autoconfigure.web.servlet.WebMvcAutoConfiguration': no URL paths identified
2018-07-10 16:38:06,343 DEBUG [main] org.springframework.web.servlet.handler.BeanNameUrlHandlerMapping : Rejected bean name 'hiddenHttpMethodFilter': no URL paths identified
2018-07-10 16:38:06,344 DEBUG [main] org.springframework.web.servlet.handler.BeanNameUrlHandlerMapping : Rejected bean name 'httpPutFormContentFilter': no URL paths identified
2018-07-10 16:38:06,346 DEBUG [main] org.springframework.web.servlet.handler.BeanNameUrlHandlerMapping : Rejected bean name 'org.springframework.boot.autoconfigure.context.ConfigurationPropertiesAutoConfiguration': no URL paths identified
2018-07-10 16:38:06,347 DEBUG [main] org.springframework.web.servlet.handler.BeanNameUrlHandlerMapping : Rejected bean name 'org.springframework.boot.autoconfigure.jackson.JacksonAutoConfiguration$Jackson2ObjectMapperBuilderCustomizerConfiguration': no URL paths identified
2018-07-10 16:38:06,347 DEBUG [main] org.springframework.web.servlet.handler.BeanNameUrlHandlerMapping : Rejected bean name 'standardJacksonObjectMapperBuilderCustomizer': no URL paths identified
2018-07-10 16:38:06,348 DEBUG [main] org.springframework.web.servlet.handler.BeanNameUrlHandlerMapping : Rejected bean name 'spring.jackson-org.springframework.boot.autoconfigure.jackson.JacksonProperties': no URL paths identified
2018-07-10 16:38:06,349 DEBUG [main] org.springframework.web.servlet.handler.BeanNameUrlHandlerMapping : Rejected bean name 'org.springframework.boot.autoconfigure.jackson.JacksonAutoConfiguration$JacksonObjectMapperBuilderConfiguration': no URL paths identified
2018-07-10 16:38:06,349 DEBUG [main] org.springframework.web.servlet.handler.BeanNameUrlHandlerMapping : Rejected bean name 'jacksonObjectMapperBuilder': no URL paths identified
2018-07-10 16:38:06,349 DEBUG [main] org.springframework.web.servlet.handler.BeanNameUrlHandlerMapping : Rejected bean name 'org.springframework.boot.autoconfigure.jackson.JacksonAutoConfiguration$ParameterNamesModuleConfiguration': no URL paths identified
2018-07-10 16:38:06,349 DEBUG [main] org.springframework.web.servlet.handler.BeanNameUrlHandlerMapping : Rejected bean name 'parameterNamesModule': no URL paths identified
2018-07-10 16:38:06,349 DEBUG [main] org.springframework.web.servlet.handler.BeanNameUrlHandlerMapping : Rejected bean name 'org.springframework.boot.autoconfigure.jackson.JacksonAutoConfiguration$JacksonObjectMapperConfiguration': no URL paths identified
2018-07-10 16:38:06,350 DEBUG [main] org.springframework.web.servlet.handler.BeanNameUrlHandlerMapping : Rejected bean name 'jacksonObjectMapper': no URL paths identified
2018-07-10 16:38:06,350 DEBUG [main] org.springframework.web.servlet.handler.BeanNameUrlHandlerMapping : Rejected bean name 'org.springframework.boot.autoconfigure.jackson.JacksonAutoConfiguration': no URL paths identified
2018-07-10 16:38:06,350 DEBUG [main] org.springframework.web.servlet.handler.BeanNameUrlHandlerMapping : Rejected bean name 'jsonComponentModule': no URL paths identified
2018-07-10 16:38:06,350 DEBUG [main] org.springframework.web.servlet.handler.BeanNameUrlHandlerMapping : Rejected bean name 'org.springframework.boot.autoconfigure.http.HttpMessageConvertersAutoConfiguration$StringHttpMessageConverterConfiguration': no URL paths identified
2018-07-10 16:38:06,350 DEBUG [main] org.springframework.web.servlet.handler.BeanNameUrlHandlerMapping : Rejected bean name 'stringHttpMessageConverter': no URL paths identified
2018-07-10 16:38:06,350 DEBUG [main] org.springframework.web.servlet.handler.BeanNameUrlHandlerMapping : Rejected bean name 'spring.http.encoding-org.springframework.boot.autoconfigure.http.HttpEncodingProperties': no URL paths identified
2018-07-10 16:38:06,351 DEBUG [main] org.springframework.web.servlet.handler.BeanNameUrlHandlerMapping : Rejected bean name 'org.springframework.boot.autoconfigure.http.JacksonHttpMessageConvertersConfiguration$MappingJackson2HttpMessageConverterConfiguration': no URL paths identified
2018-07-10 16:38:06,351 DEBUG [main] org.springframework.web.servlet.handler.BeanNameUrlHandlerMapping : Rejected bean name 'mappingJackson2HttpMessageConverter': no URL paths identified
2018-07-10 16:38:06,351 DEBUG [main] org.springframework.web.servlet.handler.BeanNameUrlHandlerMapping : Rejected bean name 'org.springframework.boot.autoconfigure.http.JacksonHttpMessageConvertersConfiguration': no URL paths identified
2018-07-10 16:38:06,351 DEBUG [main] org.springframework.web.servlet.handler.BeanNameUrlHandlerMapping : Rejected bean name 'org.springframework.boot.autoconfigure.http.HttpMessageConvertersAutoConfiguration': no URL paths identified
2018-07-10 16:38:06,351 DEBUG [main] org.springframework.web.servlet.handler.BeanNameUrlHandlerMapping : Rejected bean name 'messageConverters': no URL paths identified
2018-07-10 16:38:06,353 DEBUG [main] org.springframework.web.servlet.handler.BeanNameUrlHandlerMapping : Rejected bean name 'org.springframework.boot.autoconfigure.http.codec.CodecsAutoConfiguration$JacksonCodecConfiguration': no URL paths identified
2018-07-10 16:38:06,354 DEBUG [main] org.springframework.web.servlet.handler.BeanNameUrlHandlerMapping : Rejected bean name 'jacksonCodecCustomizer': no URL paths identified
2018-07-10 16:38:06,355 DEBUG [main] org.springframework.web.servlet.handler.BeanNameUrlHandlerMapping : Rejected bean name 'org.springframework.boot.autoconfigure.http.codec.CodecsAutoConfiguration': no URL paths identified
2018-07-10 16:38:06,355 DEBUG [main] org.springframework.web.servlet.handler.BeanNameUrlHandlerMapping : Rejected bean name 'org.springframework.boot.autoconfigure.info.ProjectInfoAutoConfiguration': no URL paths identified
2018-07-10 16:38:06,355 DEBUG [main] org.springframework.web.servlet.handler.BeanNameUrlHandlerMapping : Rejected bean name 'spring.info-org.springframework.boot.autoconfigure.info.ProjectInfoProperties': no URL paths identified
2018-07-10 16:38:06,356 DEBUG [main] org.springframework.web.servlet.handler.BeanNameUrlHandlerMapping : Rejected bean name 'org.springframework.boot.autoconfigure.security.reactive.ReactiveSecurityAutoConfiguration': no URL paths identified
2018-07-10 16:38:06,356 DEBUG [main] org.springframework.web.servlet.handler.BeanNameUrlHandlerMapping : Rejected bean name 'spring.security-org.springframework.boot.autoconfigure.security.SecurityProperties': no URL paths identified
2018-07-10 16:38:06,356 DEBUG [main] org.springframework.web.servlet.handler.BeanNameUrlHandlerMapping : Rejected bean name 'org.springframework.boot.autoconfigure.web.client.RestTemplateAutoConfiguration': no URL paths identified
2018-07-10 16:38:06,356 DEBUG [main] org.springframework.web.servlet.handler.BeanNameUrlHandlerMapping : Rejected bean name 'restTemplateBuilder': no URL paths identified
2018-07-10 16:38:06,357 DEBUG [main] org.springframework.web.servlet.handler.BeanNameUrlHandlerMapping : Rejected bean name 'org.springframework.boot.autoconfigure.web.embedded.EmbeddedWebServerFactoryCustomizerAutoConfiguration$TomcatWebServerFactoryCustomizerConfiguration': no URL paths identified
2018-07-10 16:38:06,358 DEBUG [main] org.springframework.web.servlet.handler.BeanNameUrlHandlerMapping : Rejected bean name 'tomcatWebServerFactoryCustomizer': no URL paths identified
2018-07-10 16:38:06,358 DEBUG [main] org.springframework.web.servlet.handler.BeanNameUrlHandlerMapping : Rejected bean name 'org.springframework.boot.autoconfigure.web.embedded.EmbeddedWebServerFactoryCustomizerAutoConfiguration': no URL paths identified
2018-07-10 16:38:06,358 DEBUG [main] org.springframework.web.servlet.handler.BeanNameUrlHandlerMapping : Rejected bean name 'org.springframework.boot.autoconfigure.web.servlet.HttpEncodingAutoConfiguration': no URL paths identified
2018-07-10 16:38:06,358 DEBUG [main] org.springframework.web.servlet.handler.BeanNameUrlHandlerMapping : Rejected bean name 'characterEncodingFilter': no URL paths identified
2018-07-10 16:38:06,358 DEBUG [main] org.springframework.web.servlet.handler.BeanNameUrlHandlerMapping : Rejected bean name 'localeCharsetMappingsCustomizer': no URL paths identified
2018-07-10 16:38:06,359 DEBUG [main] org.springframework.web.servlet.handler.BeanNameUrlHandlerMapping : Rejected bean name 'org.springframework.boot.autoconfigure.web.servlet.MultipartAutoConfiguration': no URL paths identified
2018-07-10 16:38:06,359 DEBUG [main] org.springframework.web.servlet.handler.BeanNameUrlHandlerMapping : Rejected bean name 'multipartConfigElement': no URL paths identified
2018-07-10 16:38:06,359 DEBUG [main] org.springframework.web.servlet.handler.BeanNameUrlHandlerMapping : Rejected bean name 'multipartResolver': no URL paths identified
2018-07-10 16:38:06,359 DEBUG [main] org.springframework.web.servlet.handler.BeanNameUrlHandlerMapping : Rejected bean name 'spring.servlet.multipart-org.springframework.boot.autoconfigure.web.servlet.MultipartProperties': no URL paths identified
2018-07-10 16:38:06,359 DEBUG [main] org.springframework.web.servlet.handler.BeanNameUrlHandlerMapping : Rejected bean name 'autoConfigurationReport': no URL paths identified
2018-07-10 16:38:06,359 DEBUG [main] org.springframework.web.servlet.handler.BeanNameUrlHandlerMapping : Rejected bean name 'org.springframework.boot.context.ContextIdApplicationContextInitializer$ContextId': no URL paths identified
2018-07-10 16:38:06,360 DEBUG [main] org.springframework.web.servlet.handler.BeanNameUrlHandlerMapping : Rejected bean name 'org.springframework.boot.test.context.filter.TestTypeExcludeFilter': no URL paths identified
2018-07-10 16:38:06,360 DEBUG [main] org.springframework.web.servlet.handler.BeanNameUrlHandlerMapping : Rejected bean name 'org.springframework.boot.test.autoconfigure.properties.PropertyMappingContextCustomizer$PropertyMappingCheckBeanPostProcessor': no URL paths identified
2018-07-10 16:38:06,360 DEBUG [main] org.springframework.web.servlet.handler.BeanNameUrlHandlerMapping : Rejected bean name 'springApplicationArguments': no URL paths identified
2018-07-10 16:38:06,360 DEBUG [main] org.springframework.web.servlet.handler.BeanNameUrlHandlerMapping : Rejected bean name 'springBootBanner': no URL paths identified
2018-07-10 16:38:06,360 DEBUG [main] org.springframework.web.servlet.handler.BeanNameUrlHandlerMapping : Rejected bean name 'springBootLoggingSystem': no URL paths identified
2018-07-10 16:38:06,360 DEBUG [main] org.springframework.web.servlet.handler.BeanNameUrlHandlerMapping : Rejected bean name 'environment': no URL paths identified
2018-07-10 16:38:06,360 DEBUG [main] org.springframework.web.servlet.handler.BeanNameUrlHandlerMapping : Rejected bean name 'systemProperties': no URL paths identified
2018-07-10 16:38:06,360 DEBUG [main] org.springframework.web.servlet.handler.BeanNameUrlHandlerMapping : Rejected bean name 'systemEnvironment': no URL paths identified
2018-07-10 16:38:06,361 DEBUG [main] org.springframework.web.servlet.handler.BeanNameUrlHandlerMapping : Rejected bean name 'servletContext': no URL paths identified
2018-07-10 16:38:06,361 DEBUG [main] org.springframework.web.servlet.handler.BeanNameUrlHandlerMapping : Rejected bean name 'contextParameters': no URL paths identified
2018-07-10 16:38:06,361 DEBUG [main] org.springframework.web.servlet.handler.BeanNameUrlHandlerMapping : Rejected bean name 'contextAttributes': no URL paths identified
2018-07-10 16:38:06,361 DEBUG [main] org.springframework.web.servlet.handler.BeanNameUrlHandlerMapping : Rejected bean name 'org.springframework.context.annotation.ConfigurationClassPostProcessor.importRegistry': no URL paths identified
2018-07-10 16:38:06,361 DEBUG [main] org.springframework.web.servlet.handler.BeanNameUrlHandlerMapping : Rejected bean name 'org.springframework.boot.test.mock.mockito.MockitoBeans': no URL paths identified
2018-07-10 16:38:06,361 DEBUG [main] org.springframework.web.servlet.handler.BeanNameUrlHandlerMapping : Rejected bean name 'messageSource': no URL paths identified
2018-07-10 16:38:06,361 DEBUG [main] org.springframework.web.servlet.handler.BeanNameUrlHandlerMapping : Rejected bean name 'applicationEventMulticaster': no URL paths identified
2018-07-10 16:38:06,372 INFO  [main] org.springframework.web.servlet.handler.SimpleUrlHandlerMapping : Mapped URL path [/webjars/**] onto handler of type [class org.springframework.web.servlet.resource.ResourceHttpRequestHandler]
2018-07-10 16:38:06,374 INFO  [main] org.springframework.web.servlet.handler.SimpleUrlHandlerMapping : Mapped URL path [/**] onto handler of type [class org.springframework.web.servlet.resource.ResourceHttpRequestHandler]
2018-07-10 16:38:06,400 DEBUG [main] org.springframework.web.servlet.mvc.method.annotation.ExceptionHandlerExceptionResolver : Looking for exception mappings: org.springframework.web.context.support.GenericWebApplicationContext@5032714f: startup date [Tue Jul 10 16:38:03 EDT 2018]; root of context hierarchy
2018-07-10 16:38:06,622 DEBUG [main] org.springframework.web.context.support.GenericWebApplicationContext : Unable to locate LifecycleProcessor with name 'lifecycleProcessor': using default [org.springframework.context.support.DefaultLifecycleProcessor@1d035be3]
2018-07-10 16:38:06,638 DEBUG [main] org.springframework.web.servlet.resource.ResourceUrlProvider : Looking for resource handler mappings
2018-07-10 16:38:06,639 DEBUG [main] org.springframework.web.servlet.resource.ResourceUrlProvider : Found resource handler mapping: URL pattern="/**/favicon.ico", locations=[class path resource [META-INF/resources/], class path resource [resources/], class path resource [static/], class path resource [public/], ServletContext resource [/], class path resource []], resolvers=[org.springframework.web.servlet.resource.PathResourceResolver@75b21c3b]
2018-07-10 16:38:06,639 DEBUG [main] org.springframework.web.servlet.resource.ResourceUrlProvider : Found resource handler mapping: URL pattern="/webjars/**", locations=[class path resource [META-INF/resources/webjars/]], resolvers=[org.springframework.web.servlet.resource.PathResourceResolver@72be135f]
2018-07-10 16:38:06,639 DEBUG [main] org.springframework.web.servlet.resource.ResourceUrlProvider : Found resource handler mapping: URL pattern="/**", locations=[class path resource [META-INF/resources/], class path resource [resources/], class path resource [static/], class path resource [public/], ServletContext resource [/]], resolvers=[org.springframework.web.servlet.resource.PathResourceResolver@155d1021]
2018-07-10 16:38:06,646 INFO  [main] com.example.logbacklogging.LogbackloggingApplicationTests : Started LogbackloggingApplicationTests in 3.553 seconds (JVM running for 4.652)
2018-07-10 16:38:06,884 INFO  [Thread-2] org.springframework.web.context.support.GenericWebApplicationContext : Closing org.springframework.web.context.support.GenericWebApplicationContext@5032714f: startup date [Tue Jul 10 16:38:03 EDT 2018]; root of context hierarchy
